[1] "Subsetting for B cells..."
[1] "Generating DGEList..."
[1] "Calculating normalization factors..."
[1] "Estimating dispersion..."
[1] "Building model..."
[1] "Setting genes order"
[1] "Find up&down marker genes"
[1] "Write marker genes"
[1] "Subsetting for Erythrocytes..."
[1] "Generating DGEList..."
[1] "Calculating normalization factors..."
[1] "Estimating dispersion..."
[1] "Building model..."
[1] "Setting genes order"
[1] "Find up&down marker genes"
[1] "Write marker genes"
[1] "Subsetting for Granulocytes..."
[1] "Generating DGEList..."
[1] "Calculating normalization factors..."
[1] "Estimating dispersion..."
